PayPal\Core\PPHttpConnection: Connecting to https://api.sandbox.paypal.com/v1/oauth2/token
PayPal\Core\PPHttpConnection: Payload grant_type=client_credentials
PayPal\Core\PPHttpConnection: Adding header User-Agent: PayPalSDK/rest-sdk-php 0.6.0 (lang=PHP;v=5.5.9-1ubuntu4;bit=64;os=Linux_3.13.0-24-generic;machine=x86_64;openssl=1.0.1f;curl=7.35.0)
PayPal\Core\PPHttpConnection: Adding header Authorization: Basic QVZLb1doQk9BM3VOSzl6SWFVNHNiTWVCU0d2aW9vWFhiSmpqcWFDWmZBbkk0My1EN1FnVFB6blBBR1E4OkVMQV96eEFIcy01WVpXWE5fSGg5LXR2RU1CZDhZQ0dLZUxOVmxSd3E5eVpGMmxFVjBkNnd5V1BNVVRaNg==
PayPal\Core\PPHttpConnection: Adding header Accept: */*
PayPal\Core\PPHttpConnection: Connecting to https://api.sandbox.paypal.com/v1/payments/payment
PayPal\Core\PPHttpConnection: Payload {"intent":"sale","payer":{"payment_method":"credit_card","funding_instruments":[{"credit_card":{"type":"mastercard","number":"5450960277411202","expire_month":"2","expire_year":"2019","cvv2":"202","first_name":"Goran","last_name":"Blazin","billing_address":{"line1":"Test address 12","city":"Test address 12","state":"AL","postal_code":"112334","country_code":"US","phone":"+123123243421"}}}]},"transactions":[{"amount":{"currency":"USD","total":"30.00"},"description":"This is the payment description."}]}
PayPal\Core\PPHttpConnection: Adding header Content-Type: application/json
PayPal\Core\PPHttpConnection: Adding header User-Agent: PayPalSDK/rest-sdk-php 0.6.0 (lang=PHP;v=5.5.9-1ubuntu4;bit=64;os=Linux_3.13.0-24-generic;machine=x86_64;openssl=1.0.1f;curl=7.35.0)
PayPal\Core\PPHttpConnection: Adding header Authorization: Bearer a82o83iJqEeXXnoD1rUdkObe9hVgqSShjmiWgchwmf8
PayPal\Core\PPHttpConnection: Adding header PayPal-Request-Id: 213070643311212139808778340282
PayPal\Transport\PPRestCall: {"id":"PAY-06N04067F01180928KNKSA2I","create_time":"2014-04-21T13:43:05Z","update_time":"2014-04-21T13:43:08Z","state":"approved","intent":"sale","payer":{"payment_method":"credit_card","funding_instruments":[{"credit_card":{"type":"mastercard","number":"xxxxxxxxxxxx1202","expire_month":"2","expire_year":"2019","first_name":"Goran","last_name":"Blazin","billing_address":{"line1":"Test address 12","city":"Test address 12","state":"AL","postal_code":"112334","country_code":"US","phone":"+123123243421"}}}]},"transactions":[{"amount":{"total":"30.00","currency":"USD","details":{"subtotal":"30.00"}},"description":"This is the payment description.","related_resources":[{"sale":{"id":"9BE422916M021924R","create_time":"2014-04-21T13:43:05Z","update_time":"2014-04-21T13:43:08Z","state":"completed","amount":{"total":"30.00","currency":"USD"},"parent_payment":"PAY-06N04067F01180928KNKSA2I","links":[{"href":"https://api.sandbox.paypal.com/v1/payments/sale/9BE422916M021924R","rel":"self","method":"GET"},{"href":"https://api.sandbox.paypal.com/v1/payments/sale/9BE422916M021924R/refund","rel":"refund","method":"POST"},{"href":"https://api.sandbox.paypal.com/v1/payments/payment/PAY-06N04067F01180928KNKSA2I","rel":"parent_payment","method":"GET"}]}}]}],"links":[{"href":"https://api.sandbox.paypal.com/v1/payments/payment/PAY-06N04067F01180928KNKSA2I","rel":"self","method":"GET"}]}
PayPal\Core\PPHttpConnection: Connecting to https://api.sandbox.paypal.com/v1/oauth2/token
PayPal\Core\PPHttpConnection: Payload grant_type=client_credentials
PayPal\Core\PPHttpConnection: Adding header User-Agent: PayPalSDK/rest-sdk-php 0.6.0 (lang=PHP;v=5.5.9-1ubuntu4;bit=64;os=Linux_3.13.0-24-generic;machine=x86_64;openssl=1.0.1f;curl=7.35.0)
PayPal\Core\PPHttpConnection: Adding header Authorization: Basic QVZLb1doQk9BM3VOSzl6SWFVNHNiTWVCU0d2aW9vWFhiSmpqcWFDWmZBbkk0My1EN1FnVFB6blBBR1E4OkVMQV96eEFIcy01WVpXWE5fSGg5LXR2RU1CZDhZQ0dLZUxOVmxSd3E5eVpGMmxFVjBkNnd5V1BNVVRaNg==
PayPal\Core\PPHttpConnection: Adding header Accept: */*
PayPal\Core\PPHttpConnection: Connecting to https://api.sandbox.paypal.com/v1/payments/payment
PayPal\Core\PPHttpConnection: Payload {"intent":"sale","payer":{"payment_method":"credit_card","funding_instruments":[{"credit_card":{"type":"amex ","number":"5450960277411202","expire_month":"2","expire_year":"2019","cvv2":"202","first_name":"Goran","last_name":"Blazin","billing_address":{"line1":"Test address 12","city":"Test address 12","state":"AL","postal_code":"112334","country_code":"US","phone":"+123123243421"}}}]},"transactions":[{"amount":{"currency":"USD","total":"30.00"},"description":"This is the payment description."}]}
PayPal\Core\PPHttpConnection: Adding header Content-Type: application/json
PayPal\Core\PPHttpConnection: Adding header User-Agent: PayPalSDK/rest-sdk-php 0.6.0 (lang=PHP;v=5.5.9-1ubuntu4;bit=64;os=Linux_3.13.0-24-generic;machine=x86_64;openssl=1.0.1f;curl=7.35.0)
PayPal\Core\PPHttpConnection: Adding header Authorization: Bearer lgD1va5pOvR4gM2CxreadS2BpgDmNx8wtQVsAsxCQUQ
PayPal\Core\PPHttpConnection: Adding header PayPal-Request-Id: 21307064331119413980878139476
PayPal\Core\PPHttpConnection: Connecting to https://api.sandbox.paypal.com/v1/oauth2/token
PayPal\Core\PPHttpConnection: Payload grant_type=client_credentials
PayPal\Core\PPHttpConnection: Adding header User-Agent: PayPalSDK/rest-sdk-php 0.6.0 (lang=PHP;v=5.5.9-1ubuntu4;bit=64;os=Linux_3.13.0-24-generic;machine=x86_64;openssl=1.0.1f;curl=7.35.0)
PayPal\Core\PPHttpConnection: Adding header Authorization: Basic QVZLb1doQk9BM3VOSzl6SWFVNHNiTWVCU0d2aW9vWFhiSmpqcWFDWmZBbkk0My1EN1FnVFB6blBBR1E4OkVMQV96eEFIcy01WVpXWE5fSGg5LXR2RU1CZDhZQ0dLZUxOVmxSd3E5eVpGMmxFVjBkNnd5V1BNVVRaNg==
PayPal\Core\PPHttpConnection: Adding header Accept: */*
PayPal\Core\PPHttpConnection: Connecting to https://api.sandbox.paypal.com/v1/payments/payment
PayPal\Core\PPHttpConnection: Payload {"intent":"sale","payer":{"payment_method":"credit_card","funding_instruments":[{"credit_card":{"type":"amex ","number":"5450960277411202","expire_month":"2","expire_year":"2019","cvv2":"202","first_name":"Goran","last_name":"Blazin","billing_address":{"line1":"Test address 12","city":"Test address 12","state":"AL","postal_code":"112334","country_code":"US","phone":"+123123243421"}}}]},"transactions":[{"amount":{"currency":"USD","total":"30.00"},"description":"This is the payment description."}]}
PayPal\Core\PPHttpConnection: Adding header Content-Type: application/json
PayPal\Core\PPHttpConnection: Adding header User-Agent: PayPalSDK/rest-sdk-php 0.6.0 (lang=PHP;v=5.5.9-1ubuntu4;bit=64;os=Linux_3.13.0-24-generic;machine=x86_64;openssl=1.0.1f;curl=7.35.0)
PayPal\Core\PPHttpConnection: Adding header Authorization: Bearer nUJzTsG6nblnd7wFCM8bXi5J9xnKGBPAFf-Exn7NIKw
PayPal\Core\PPHttpConnection: Adding header PayPal-Request-Id: 21307064339020139808788517113
PayPal\Core\PPHttpConnection: Connecting to https://api.sandbox.paypal.com/v1/oauth2/token
PayPal\Core\PPHttpConnection: Payload grant_type=client_credentials
PayPal\Core\PPHttpConnection: Adding header User-Agent: PayPalSDK/rest-sdk-php 0.6.0 (lang=PHP;v=5.5.9-1ubuntu4;bit=64;os=Linux_3.13.0-24-generic;machine=x86_64;openssl=1.0.1f;curl=7.35.0)
PayPal\Core\PPHttpConnection: Adding header Authorization: Basic QVZLb1doQk9BM3VOSzl6SWFVNHNiTWVCU0d2aW9vWFhiSmpqcWFDWmZBbkk0My1EN1FnVFB6blBBR1E4OkVMQV96eEFIcy01WVpXWE5fSGg5LXR2RU1CZDhZQ0dLZUxOVmxSd3E5eVpGMmxFVjBkNnd5V1BNVVRaNg==
PayPal\Core\PPHttpConnection: Adding header Accept: */*
PayPal\Core\PPHttpConnection: Connecting to https://api.sandbox.paypal.com/v1/payments/payment
PayPal\Core\PPHttpConnection: Payload {"intent":"sale","payer":{"payment_method":"credit_card","funding_instruments":[{"credit_card":{"type":"mastercard","number":"5450960277411202","expire_month":"2","expire_year":"2019","cvv2":"202","first_name":"Goran","last_name":"Blazin","billing_address":{"line1":"Test address 12","city":"Test address 12","state":"AL","postal_code":"112334","country_code":"US","phone":"+123123243421"}}}]},"transactions":[{"amount":{"currency":"USD","total":"30.00"},"description":"This is the payment description."}]}
PayPal\Core\PPHttpConnection: Adding header Content-Type: application/json
PayPal\Core\PPHttpConnection: Adding header User-Agent: PayPalSDK/rest-sdk-php 0.6.0 (lang=PHP;v=5.5.9-1ubuntu4;bit=64;os=Linux_3.13.0-24-generic;machine=x86_64;openssl=1.0.1f;curl=7.35.0)
PayPal\Core\PPHttpConnection: Adding header Authorization: Bearer mRBp41tIdGZoCwpcqYrX-WZSF1Kn8w3aXSP3fKHMXnY
PayPal\Core\PPHttpConnection: Adding header PayPal-Request-Id: 213070643311195139808820312421
PayPal\Transport\PPRestCall: {"id":"PAY-1MW761797C4738828KNKSEDA","create_time":"2014-04-21T13:50:04Z","update_time":"2014-04-21T13:50:06Z","state":"approved","intent":"sale","payer":{"payment_method":"credit_card","funding_instruments":[{"credit_card":{"type":"mastercard","number":"xxxxxxxxxxxx1202","expire_month":"2","expire_year":"2019","first_name":"Goran","last_name":"Blazin","billing_address":{"line1":"Test address 12","city":"Test address 12","state":"AL","postal_code":"112334","country_code":"US","phone":"+123123243421"}}}]},"transactions":[{"amount":{"total":"30.00","currency":"USD","details":{"subtotal":"30.00"}},"description":"This is the payment description.","related_resources":[{"sale":{"id":"5VB05333EJ660490T","create_time":"2014-04-21T13:50:04Z","update_time":"2014-04-21T13:50:06Z","state":"completed","amount":{"total":"30.00","currency":"USD"},"parent_payment":"PAY-1MW761797C4738828KNKSEDA","links":[{"href":"https://api.sandbox.paypal.com/v1/payments/sale/5VB05333EJ660490T","rel":"self","method":"GET"},{"href":"https://api.sandbox.paypal.com/v1/payments/sale/5VB05333EJ660490T/refund","rel":"refund","method":"POST"},{"href":"https://api.sandbox.paypal.com/v1/payments/payment/PAY-1MW761797C4738828KNKSEDA","rel":"parent_payment","method":"GET"}]}}]}],"links":[{"href":"https://api.sandbox.paypal.com/v1/payments/payment/PAY-1MW761797C4738828KNKSEDA","rel":"self","method":"GET"}]}
PayPal\Core\PPHttpConnection: Connecting to https://api.sandbox.paypal.com/v1/oauth2/token
PayPal\Core\PPHttpConnection: Payload grant_type=client_credentials
PayPal\Core\PPHttpConnection: Adding header User-Agent: PayPalSDK/rest-sdk-php 0.6.0 (lang=PHP;v=5.5.9-1ubuntu4;bit=64;os=Linux_3.13.0-24-generic;machine=x86_64;openssl=1.0.1f;curl=7.35.0)
PayPal\Core\PPHttpConnection: Adding header Authorization: Basic QVZLb1doQk9BM3VOSzl6SWFVNHNiTWVCU0d2aW9vWFhiSmpqcWFDWmZBbkk0My1EN1FnVFB6blBBR1E4OkVMQV96eEFIcy01WVpXWE5fSGg5LXR2RU1CZDhZQ0dLZUxOVmxSd3E5eVpGMmxFVjBkNnd5V1BNVVRaNg==
PayPal\Core\PPHttpConnection: Adding header Accept: */*
PayPal\Core\PPHttpConnection: Connecting to https://api.sandbox.paypal.com/v1/payments/payment
PayPal\Core\PPHttpConnection: Payload {"intent":"sale","payer":{"payment_method":"credit_card","funding_instruments":[{"credit_card":{"type":"mastercard","number":"5450960277411202","expire_month":"2","expire_year":"2019","cvv2":"202","first_name":"Goran","last_name":"Blazin","billing_address":{"line1":"Test address 12","city":"Test address 12","state":"AL","postal_code":"112334","country_code":"US","phone":"+123123243421"}}}]},"transactions":[{"amount":{"currency":"USD","total":"30.00"},"description":"This is the payment description."}]}
PayPal\Core\PPHttpConnection: Adding header Content-Type: application/json
PayPal\Core\PPHttpConnection: Adding header User-Agent: PayPalSDK/rest-sdk-php 0.6.0 (lang=PHP;v=5.5.9-1ubuntu4;bit=64;os=Linux_3.13.0-24-generic;machine=x86_64;openssl=1.0.1f;curl=7.35.0)
PayPal\Core\PPHttpConnection: Adding header Authorization: Bearer ktZcQeHex.37zxwnGG1BPbmRjuPlM1zZyWgilarXJms
PayPal\Core\PPHttpConnection: Adding header PayPal-Request-Id: 21307064331007213988707322731
PayPal\Transport\PPRestCall: {"id":"PAY-0NR21222D7526560DKNQRFSI","create_time":"2014-04-30T15:12:09Z","update_time":"2014-04-30T15:12:11Z","state":"approved","intent":"sale","payer":{"payment_method":"credit_card","funding_instruments":[{"credit_card":{"type":"mastercard","number":"xxxxxxxxxxxx1202","expire_month":"2","expire_year":"2019","first_name":"Goran","last_name":"Blazin","billing_address":{"line1":"Test address 12","city":"Test address 12","state":"AL","postal_code":"112334","country_code":"US","phone":"+123123243421"}}}]},"transactions":[{"amount":{"total":"30.00","currency":"USD","details":{"subtotal":"30.00"}},"description":"This is the payment description.","related_resources":[{"sale":{"id":"81R9666792733061J","create_time":"2014-04-30T15:12:09Z","update_time":"2014-04-30T15:12:11Z","state":"completed","amount":{"total":"30.00","currency":"USD"},"parent_payment":"PAY-0NR21222D7526560DKNQRFSI","links":[{"href":"https://api.sandbox.paypal.com/v1/payments/sale/81R9666792733061J","rel":"self","method":"GET"},{"href":"https://api.sandbox.paypal.com/v1/payments/sale/81R9666792733061J/refund","rel":"refund","method":"POST"},{"href":"https://api.sandbox.paypal.com/v1/payments/payment/PAY-0NR21222D7526560DKNQRFSI","rel":"parent_payment","method":"GET"}]}}]}],"links":[{"href":"https://api.sandbox.paypal.com/v1/payments/payment/PAY-0NR21222D7526560DKNQRFSI","rel":"self","method":"GET"}]}
PayPal\Core\PPHttpConnection: Connecting to https://api.sandbox.paypal.com/v1/oauth2/token
PayPal\Core\PPHttpConnection: Payload grant_type=client_credentials
PayPal\Core\PPHttpConnection: Adding header User-Agent: PayPalSDK/rest-sdk-php 0.6.0 (lang=PHP;v=5.5.6;bit=32;os=Windows_NT_6.2;machine=i586;openssl=1.0.1e;curl=7.30.0)
PayPal\Core\PPHttpConnection: Adding header Authorization: Basic QVZLb1doQk9BM3VOSzl6SWFVNHNiTWVCU0d2aW9vWFhiSmpqcWFDWmZBbkk0My1EN1FnVFB6blBBR1E4OkVMQV96eEFIcy01WVpXWE5fSGg5LXR2RU1CZDhZQ0dLZUxOVmxSd3E5eVpGMmxFVjBkNnd5V1BNVVRaNg==
PayPal\Core\PPHttpConnection: Adding header Accept: */*
PayPal\Core\PPHttpConnection: Connecting to https://api.sandbox.paypal.com/v1/payments/payment
PayPal\Core\PPHttpConnection: Payload {"intent":"sale","payer":{"payment_method":"credit_card","funding_instruments":[{"credit_card":{"type":"mastercard","number":"5450960277411202","expire_month":"2","expire_year":"2019","cvv2":"202","first_name":"Goran","last_name":"Blazin","billing_address":{"line1":"Test address 12","city":"Test address 12","state":"AL","postal_code":"112334","country_code":"US","phone":"+123123243421"}}}]},"transactions":[{"amount":{"currency":"USD","total":"30.00"},"description":"This is the payment description."}]}
PayPal\Core\PPHttpConnection: Adding header Content-Type: application/json
PayPal\Core\PPHttpConnection: Adding header User-Agent: PayPalSDK/rest-sdk-php 0.6.0 (lang=PHP;v=5.5.6;bit=32;os=Windows_NT_6.2;machine=i586;openssl=1.0.1e;curl=7.30.0)
PayPal\Core\PPHttpConnection: Adding header Authorization: Bearer TDwDy1Hr.EzMvsaPDqrEjYdWSIA1pkQ90dVBXUf2iNg
PayPal\Core\PPHttpConnection: Adding header PayPal-Request-Id: 2130706433129213992291516347
PayPal\Transport\PPRestCall: {"id":"PAY-8J237306RF2149607KNTIVYQ","create_time":"2014-05-04T18:45:54Z","update_time":"2014-05-04T18:45:56Z","state":"approved","intent":"sale","payer":{"payment_method":"credit_card","funding_instruments":[{"credit_card":{"type":"mastercard","number":"xxxxxxxxxxxx1202","expire_month":"2","expire_year":"2019","first_name":"Goran","last_name":"Blazin","billing_address":{"line1":"Test address 12","city":"Test address 12","state":"AL","postal_code":"112334","country_code":"US","phone":"+123123243421"}}}]},"transactions":[{"amount":{"total":"30.00","currency":"USD","details":{"subtotal":"30.00"}},"description":"This is the payment description.","related_resources":[{"sale":{"id":"9XA382317G229020N","create_time":"2014-05-04T18:45:54Z","update_time":"2014-05-04T18:45:56Z","state":"completed","amount":{"total":"30.00","currency":"USD"},"parent_payment":"PAY-8J237306RF2149607KNTIVYQ","links":[{"href":"https://api.sandbox.paypal.com/v1/payments/sale/9XA382317G229020N","rel":"self","method":"GET"},{"href":"https://api.sandbox.paypal.com/v1/payments/sale/9XA382317G229020N/refund","rel":"refund","method":"POST"},{"href":"https://api.sandbox.paypal.com/v1/payments/payment/PAY-8J237306RF2149607KNTIVYQ","rel":"parent_payment","method":"GET"}]}}]}],"links":[{"href":"https://api.sandbox.paypal.com/v1/payments/payment/PAY-8J237306RF2149607KNTIVYQ","rel":"self","method":"GET"}]}
PayPal\Core\PPHttpConnection: Connecting to https://api.sandbox.paypal.com/v1/oauth2/token
PayPal\Core\PPHttpConnection: Payload grant_type=client_credentials
PayPal\Core\PPHttpConnection: Adding header User-Agent: PayPalSDK/rest-sdk-php 0.6.0 (lang=PHP;v=5.5.6;bit=32;os=Windows_NT_6.2;machine=i586;openssl=1.0.1e;curl=7.30.0)
PayPal\Core\PPHttpConnection: Adding header Authorization: Basic QVZLb1doQk9BM3VOSzl6SWFVNHNiTWVCU0d2aW9vWFhiSmpqcWFDWmZBbkk0My1EN1FnVFB6blBBR1E4OkVMQV96eEFIcy01WVpXWE5fSGg5LXR2RU1CZDhZQ0dLZUxOVmxSd3E5eVpGMmxFVjBkNnd5V1BNVVRaNg==
PayPal\Core\PPHttpConnection: Adding header Accept: */*
PayPal\Core\PPHttpConnection: Connecting to https://api.sandbox.paypal.com/v1/payments/payment
PayPal\Core\PPHttpConnection: Payload {"intent":"sale","payer":{"payment_method":"credit_card","funding_instruments":[{"credit_card":{"type":"amex ","number":"5450960277411202","expire_month":"2","expire_year":"2019","cvv2":"202","first_name":"Goran","last_name":"Blazin","billing_address":{"line1":"Test address 12","city":"Test address 12","state":"AL","postal_code":"112334","country_code":"US","phone":"+123123243421"}}}]},"transactions":[{"amount":{"currency":"USD","total":"30.00"},"description":"This is the payment description."}]}
PayPal\Core\PPHttpConnection: Adding header Content-Type: application/json
PayPal\Core\PPHttpConnection: Adding header User-Agent: PayPalSDK/rest-sdk-php 0.6.0 (lang=PHP;v=5.5.6;bit=32;os=Windows_NT_6.2;machine=i586;openssl=1.0.1e;curl=7.30.0)
PayPal\Core\PPHttpConnection: Adding header Authorization: Bearer 4HwX9ZvRB2fOibHQwQWN2Ibf5TbdR.gshRLslq.5AEs
PayPal\Core\PPHttpConnection: Adding header PayPal-Request-Id: 21307064331292139922917724330
PayPal\Core\PPHttpConnection: Connecting to https://api.sandbox.paypal.com/v1/oauth2/token
PayPal\Core\PPHttpConnection: Payload grant_type=client_credentials
PayPal\Core\PPHttpConnection: Adding header User-Agent: PayPalSDK/rest-sdk-php 0.6.0 (lang=PHP;v=5.5.6;bit=32;os=Windows_NT_6.2;machine=i586;openssl=1.0.1e;curl=7.30.0)
PayPal\Core\PPHttpConnection: Adding header Authorization: Basic QVZLb1doQk9BM3VOSzl6SWFVNHNiTWVCU0d2aW9vWFhiSmpqcWFDWmZBbkk0My1EN1FnVFB6blBBR1E4OkVMQV96eEFIcy01WVpXWE5fSGg5LXR2RU1CZDhZQ0dLZUxOVmxSd3E5eVpGMmxFVjBkNnd5V1BNVVRaNg==
PayPal\Core\PPHttpConnection: Adding header Accept: */*
PayPal\Core\PPHttpConnection: Connecting to https://api.sandbox.paypal.com/v1/payments/payment
PayPal\Core\PPHttpConnection: Payload {"intent":"sale","payer":{"payment_method":"credit_card","funding_instruments":[{"credit_card":{"type":"mastercard","number":"5450960277411202","expire_month":"2","expire_year":"2019","cvv2":"202","first_name":"Goran","last_name":"Blazin","billing_address":{"line1":"Test address 12","city":"Test address 12","state":"AL","postal_code":"112334","country_code":"US","phone":"+123123243421"}}}]},"transactions":[{"amount":{"currency":"USD","total":"30.00"},"description":"This is the payment description."}]}
PayPal\Core\PPHttpConnection: Adding header Content-Type: application/json
PayPal\Core\PPHttpConnection: Adding header User-Agent: PayPalSDK/rest-sdk-php 0.6.0 (lang=PHP;v=5.5.6;bit=32;os=Windows_NT_6.2;machine=i586;openssl=1.0.1e;curl=7.30.0)
PayPal\Core\PPHttpConnection: Adding header Authorization: Bearer wy-Kb9DPaoeSSvy-Pa5N7ks9aYBtscQ5JaSpc8V4.vU
PayPal\Core\PPHttpConnection: Adding header PayPal-Request-Id: 21307064331292139922962214241
PayPal\Transport\PPRestCall: {"id":"PAY-2J116755MG249881FKNTIZOA","create_time":"2014-05-04T18:53:44Z","update_time":"2014-05-04T18:53:45Z","state":"approved","intent":"sale","payer":{"payment_method":"credit_card","funding_instruments":[{"credit_card":{"type":"mastercard","number":"xxxxxxxxxxxx1202","expire_month":"2","expire_year":"2019","first_name":"Goran","last_name":"Blazin","billing_address":{"line1":"Test address 12","city":"Test address 12","state":"AL","postal_code":"112334","country_code":"US","phone":"+123123243421"}}}]},"transactions":[{"amount":{"total":"30.00","currency":"USD","details":{"subtotal":"30.00"}},"description":"This is the payment description.","related_resources":[{"sale":{"id":"13056522328794914","create_time":"2014-05-04T18:53:44Z","update_time":"2014-05-04T18:53:45Z","state":"completed","amount":{"total":"30.00","currency":"USD"},"parent_payment":"PAY-2J116755MG249881FKNTIZOA","links":[{"href":"https://api.sandbox.paypal.com/v1/payments/sale/13056522328794914","rel":"self","method":"GET"},{"href":"https://api.sandbox.paypal.com/v1/payments/sale/13056522328794914/refund","rel":"refund","method":"POST"},{"href":"https://api.sandbox.paypal.com/v1/payments/payment/PAY-2J116755MG249881FKNTIZOA","rel":"parent_payment","method":"GET"}]}}]}],"links":[{"href":"https://api.sandbox.paypal.com/v1/payments/payment/PAY-2J116755MG249881FKNTIZOA","rel":"self","method":"GET"}]}
PayPal\Core\PPHttpConnection: Connecting to https://api.sandbox.paypal.com/v1/oauth2/token
PayPal\Core\PPHttpConnection: Payload grant_type=client_credentials
PayPal\Core\PPHttpConnection: Adding header User-Agent: PayPalSDK/rest-sdk-php 0.6.0 (lang=PHP;v=5.5.6;bit=32;os=Windows_NT_6.2;machine=i586;openssl=1.0.1e;curl=7.30.0)
PayPal\Core\PPHttpConnection: Adding header Authorization: Basic QVZLb1doQk9BM3VOSzl6SWFVNHNiTWVCU0d2aW9vWFhiSmpqcWFDWmZBbkk0My1EN1FnVFB6blBBR1E4OkVMQV96eEFIcy01WVpXWE5fSGg5LXR2RU1CZDhZQ0dLZUxOVmxSd3E5eVpGMmxFVjBkNnd5V1BNVVRaNg==
PayPal\Core\PPHttpConnection: Adding header Accept: */*
PayPal\Core\PPHttpConnection: Connecting to https://api.sandbox.paypal.com/v1/payments/payment
PayPal\Core\PPHttpConnection: Payload {"intent":"sale","payer":{"payment_method":"credit_card","funding_instruments":[{"credit_card":{"type":"mastercard","number":"5450960277411202","expire_month":"2","expire_year":"2019","cvv2":"202","first_name":"Goran","last_name":"Blazin","billing_address":{"line1":"Test address 12","city":"Test address 12","state":"AL","postal_code":"112334","country_code":"US","phone":"+123123243421"}}}]},"transactions":[{"amount":{"currency":"USD","total":"30.00"},"description":"This is the payment description."}]}
PayPal\Core\PPHttpConnection: Adding header Content-Type: application/json
PayPal\Core\PPHttpConnection: Adding header User-Agent: PayPalSDK/rest-sdk-php 0.6.0 (lang=PHP;v=5.5.6;bit=32;os=Windows_NT_6.2;machine=i586;openssl=1.0.1e;curl=7.30.0)
PayPal\Core\PPHttpConnection: Adding header Authorization: Bearer bqEITelBMSUOLHNlhKa2DXRJLTG5Obyu-gZm2V991nM
PayPal\Core\PPHttpConnection: Adding header PayPal-Request-Id: 21307064331292139923016850263
PayPal\Transport\PPRestCall: {"id":"PAY-28L10027DT913743BKNTI5WQ","create_time":"2014-05-04T19:02:50Z","update_time":"2014-05-04T19:02:52Z","state":"approved","intent":"sale","payer":{"payment_method":"credit_card","funding_instruments":[{"credit_card":{"type":"mastercard","number":"xxxxxxxxxxxx1202","expire_month":"2","expire_year":"2019","first_name":"Goran","last_name":"Blazin","billing_address":{"line1":"Test address 12","city":"Test address 12","state":"AL","postal_code":"112334","country_code":"US","phone":"+123123243421"}}}]},"transactions":[{"amount":{"total":"30.00","currency":"USD","details":{"subtotal":"30.00"}},"description":"This is the payment description.","related_resources":[{"sale":{"id":"91147734UV504700P","create_time":"2014-05-04T19:02:50Z","update_time":"2014-05-04T19:02:52Z","state":"completed","amount":{"total":"30.00","currency":"USD"},"parent_payment":"PAY-28L10027DT913743BKNTI5WQ","links":[{"href":"https://api.sandbox.paypal.com/v1/payments/sale/91147734UV504700P","rel":"self","method":"GET"},{"href":"https://api.sandbox.paypal.com/v1/payments/sale/91147734UV504700P/refund","rel":"refund","method":"POST"},{"href":"https://api.sandbox.paypal.com/v1/payments/payment/PAY-28L10027DT913743BKNTI5WQ","rel":"parent_payment","method":"GET"}]}}]}],"links":[{"href":"https://api.sandbox.paypal.com/v1/payments/payment/PAY-28L10027DT913743BKNTI5WQ","rel":"self","method":"GET"}]}
